Determining if the pthread_create exist failed with the following output:
Change Dir: /home/skywoodsz/sensor_test/sensor_ws/build/CMakeFiles/CMakeTmp

Run Build Command:"/usr/bin/make" "cmTC_233df/fast"
/usr/bin/make -f CMakeFiles/cmTC_233df.dir/build.make CMakeFiles/cmTC_233df.dir/build
make[1]: Entering directory '/home/skywoodsz/sensor_test/sensor_ws/build/CMakeFiles/CMakeTmp'
Building C object CMakeFiles/cmTC_233df.dir/CheckSymbolExists.c.o
/usr/bin/cc     -o CMakeFiles/cmTC_233df.dir/CheckSymbolExists.c.o   -c /home/skywoodsz/sensor_test/sensor_ws/build/CMakeFiles/CMakeTmp/CheckSymbolExists.c
Linking C executable cmTC_233df
/usr/bin/cmake -E cmake_link_script CMakeFiles/cmTC_233df.dir/link.txt --verbose=1
/usr/bin/cc       CMakeFiles/cmTC_233df.dir/CheckSymbolExists.c.o  -o cmTC_233df -rdynamic 
CMakeFiles/cmTC_233df.dir/CheckSymbolExists.c.o：在函数‘main’中：
CheckSymbolExists.c:(.text+0x16)：对‘pthread_create’未定义的引用
collect2: error: ld returned 1 exit status
CMakeFiles/cmTC_233df.dir/build.make:97: recipe for target 'cmTC_233df' failed
make[1]: *** [cmTC_233df] Error 1
make[1]: Leaving directory '/home/skywoodsz/sensor_test/sensor_ws/build/CMakeFiles/CMakeTmp'
Makefile:126: recipe for target 'cmTC_233df/fast' failed
make: *** [cmTC_233df/fast] Error 2

File /home/skywoodsz/sensor_test/sensor_ws/build/CMakeFiles/CMakeTmp/CheckSymbolExists.c:
/* */
#include <pthread.h>

int main(int argc, char** argv)
{
  (void)argv;
#ifndef pthread_create
  return ((int*)(&pthread_create))[argc];
#else
  (void)argc;
  return 0;
#endif
}

Determining if the function pthread_create exists in the pthreads failed with the following output:
Change Dir: /home/skywoodsz/sensor_test/sensor_ws/build/CMakeFiles/CMakeTmp

Run Build Command:"/usr/bin/make" "cmTC_7cace/fast"
/usr/bin/make -f CMakeFiles/cmTC_7cace.dir/build.make CMakeFiles/cmTC_7cace.dir/build
make[1]: Entering directory '/home/skywoodsz/sensor_test/sensor_ws/build/CMakeFiles/CMakeTmp'
Building C object CMakeFiles/cmTC_7cace.dir/CheckFunctionExists.c.o
/usr/bin/cc    -DCHECK_FUNCTION_EXISTS=pthread_create   -o CMakeFiles/cmTC_7cace.dir/CheckFunctionExists.c.o   -c /usr/share/cmake-3.5/Modules/CheckFunctionExists.c
Linking C executable cmTC_7cace
/usr/bin/cmake -E cmake_link_script CMakeFiles/cmTC_7cace.dir/link.txt --verbose=1
/usr/bin/cc   -DCHECK_FUNCTION_EXISTS=pthread_create    CMakeFiles/cmTC_7cace.dir/CheckFunctionExists.c.o  -o cmTC_7cace -rdynamic -lpthreads 
/usr/bin/ld: 找不到 -lpthreads
collect2: error: ld returned 1 exit status
CMakeFiles/cmTC_7cace.dir/build.make:97: recipe for target 'cmTC_7cace' failed
make[1]: *** [cmTC_7cace] Error 1
make[1]: Leaving directory '/home/skywoodsz/sensor_test/sensor_ws/build/CMakeFiles/CMakeTmp'
Makefile:126: recipe for target 'cmTC_7cace/fast' failed
make: *** [cmTC_7cace/fast] Error 2


